# JRE version: OpenJDK Runtime Environment (8.0_171-b11) (build 1.8.0_171-8u171-b11-0ubuntu0.16.04.1-b11)
# Java VM: OpenJDK 64-Bit Server VM (25.171-b11 mixed mode linux-amd64 compressed oops)
Heap:
 PSYoungGen      total 113152K, used 112704K [0x00000000ec200000, 0x0000000100000000, 0x0000000100000000)
  eden space 112640K, 100% used [0x00000000ec200000,0x00000000f3000000,0x00000000f3000000)
  from space 512K, 12% used [0x00000000fff80000,0x00000000fff90000,0x0000000100000000)
  to   space 512K, 0% used [0x00000000fff00000,0x00000000fff00000,0x00000000fff80000)
 ParOldGen       total 40960K, used 6190K [0x00000000c4600000, 0x00000000c6e00000, 0x00000000ec200000)
  object space 40960K, 15% used [0x00000000c4600000,0x00000000c4c0ba90,0x00000000c6e00000)
 Metaspace       used 13563K, capacity 13854K, committed 13952K, reserved 1060864K
  class space    used 1524K, capacity 1651K, committed 1664K, reserved 1048576K
GC Heap History (10 events):
Event: 9879,374 GC heap before
{Heap before GC invocations=81496 (full 0):
 PSYoungGen      total 121344K, used 120864K [0x00000000ec200000, 0x0000000100000000, 0x0000000100000000)
  eden space 120832K, 100% used [0x00000000ec200000,0x00000000f3800000,0x00000000f3800000)
  from space 512K, 6% used [0x00000000fff00000,0x00000000fff08000,0x00000000fff80000)
  to   space 512K, 0% used [0x00000000fff80000,0x00000000fff80000,0x0000000100000000)
 ParOldGen       total 40960K, used 6182K [0x00000000c4600000, 0x00000000c6e00000, 0x00000000ec200000)
  object space 40960K, 15% used [0x00000000c4600000,0x00000000c4c09a90,0x00000000c6e00000)
 Metaspace       used 13561K, capacity 13854K, committed 13952K, reserved 1060864K
  class space    used 1523K, capacity 1651K, committed 1664K, reserved 1048576K
Event: 9879,375 GC heap after
Heap after GC invocations=81496 (full 0):
 PSYoungGen      total 116224K, used 32K [0x00000000ec200000, 0x0000000100000000, 0x0000000100000000)
  eden space 115712K, 0% used [0x00000000ec200000,0x00000000ec200000,0x00000000f3300000)
  from space 512K, 6% used [0x00000000fff80000,0x00000000fff88000,0x0000000100000000)
  to   space 512K, 0% used [0x00000000fff00000,0x00000000fff00000,0x00000000fff80000)
 ParOldGen       total 40960K, used 6182K [0x00000000c4600000, 0x00000000c6e00000, 0x00000000ec200000)
  object space 40960K, 15% used [0x00000000c4600000,0x00000000c4c09a90,0x00000000c6e00000)
 Metaspace       used 13561K, capacity 13854K, committed 13952K, reserved 1060864K
  class space    used 1523K, capacity 1651K, committed 1664K, reserved 1048576K
}
Event: 9879,521 GC heap before
{Heap before GC invocations=81497 (full 0):
 PSYoungGen      total 116224K, used 115744K [0x00000000ec200000, 0x0000000100000000, 0x0000000100000000)
  eden space 115712K, 100% used [0x00000000ec200000,0x00000000f3300000,0x00000000f3300000)
  from space 512K, 6% used [0x00000000fff80000,0x00000000fff88000,0x0000000100000000)
  to   space 512K, 0% used [0x00000000fff00000,0x00000000fff00000,0x00000000fff80000)
 ParOldGen       total 40960K, used 6182K [0x00000000c4600000, 0x00000000c6e00000, 0x00000000ec200000)
  object space 40960K, 15% used [0x00000000c4600000,0x00000000c4c09a90,0x00000000c6e00000)
 Metaspace       used 13561K, capacity 13854K, committed 13952K, reserved 1060864K
  class space    used 1523K, capacity 1651K, committed 1664K, reserved 1048576K
Event: 9879,522 GC heap after
Heap after GC invocations=81497 (full 0):
 PSYoungGen      total 111616K, used 32K [0x00000000ec200000, 0x0000000100000000, 0x0000000100000000)
  eden space 111104K, 0% used [0x00000000ec200000,0x00000000ec200000,0x00000000f2e80000)
  from space 512K, 6% used [0x00000000fff00000,0x00000000fff08000,0x00000000fff80000)
  to   space 512K, 0% used [0x00000000fff80000,0x00000000fff80000,0x0000000100000000)
 ParOldGen       total 40960K, used 6182K [0x00000000c4600000, 0x00000000c6e00000, 0x00000000ec200000)
  object space 40960K, 15% used [0x00000000c4600000,0x00000000c4c09a90,0x00000000c6e00000)
 Metaspace       used 13561K, capacity 13854K, committed 13952K, reserved 1060864K
  class space    used 1523K, capacity 1651K, committed 1664K, reserved 1048576K
}
Event: 9879,662 GC heap before
{Heap before GC invocations=81498 (full 0):
 PSYoungGen      total 111616K, used 111136K [0x00000000ec200000, 0x0000000100000000, 0x0000000100000000)
  eden space 111104K, 100% used [0x00000000ec200000,0x00000000f2e80000,0x00000000f2e80000)
  from space 512K, 6% used [0x00000000fff00000,0x00000000fff08000,0x00000000fff80000)
  to   space 512K, 0% used [0x00000000fff80000,0x00000000fff80000,0x0000000100000000)
 ParOldGen       total 40960K, used 6182K [0x00000000c4600000, 0x00000000c6e00000, 0x00000000ec200000)
  object space 40960K, 15% used [0x00000000c4600000,0x00000000c4c09a90,0x00000000c6e00000)
 Metaspace       used 13561K, capacity 13854K, committed 13952K, reserved 1060864K
  class space    used 1523K, capacity 1651K, committed 1664K, reserved 1048576K
Event: 9879,663 GC heap after
Heap after GC invocations=81498 (full 0):
 PSYoungGen      total 107008K, used 32K [0x00000000ec200000, 0x0000000100000000, 0x0000000100000000)
  eden space 106496K, 0% used [0x00000000ec200000,0x00000000ec200000,0x00000000f2a00000)
  from space 512K, 6% used [0x00000000fff80000,0x00000000fff88000,0x0000000100000000)
  to   space 512K, 0% used [0x00000000fff00000,0x00000000fff00000,0x00000000fff80000)
 ParOldGen       total 40960K, used 6182K [0x00000000c4600000, 0x00000000c6e00000, 0x00000000ec200000)
  object space 40960K, 15% used [0x00000000c4600000,0x00000000c4c09a90,0x00000000c6e00000)
 Metaspace       used 13561K, capacity 13854K, committed 13952K, reserved 1060864K
  class space    used 1523K, capacity 1651K, committed 1664K, reserved 1048576K
}
Event: 9879,797 GC heap before
{Heap before GC invocations=81499 (full 0):
 PSYoungGen      total 107008K, used 106528K [0x00000000ec200000, 0x0000000100000000, 0x0000000100000000)
  eden space 106496K, 100% used [0x00000000ec200000,0x00000000f2a00000,0x00000000f2a00000)
  from space 512K, 6% used [0x00000000fff80000,0x00000000fff88000,0x0000000100000000)
  to   space 512K, 0% used [0x00000000fff00000,0x00000000fff00000,0x00000000fff80000)
 ParOldGen       total 40960K, used 6182K [0x00000000c4600000, 0x00000000c6e00000, 0x00000000ec200000)
  object space 40960K, 15% used [0x00000000c4600000,0x00000000c4c09a90,0x00000000c6e00000)
 Metaspace       used 13561K, capacity 13854K, committed 13952K, reserved 1060864K
  class space    used 1523K, capacity 1651K, committed 1664K, reserved 1048576K
Event: 9879,798 GC heap after
Heap after GC invocations=81499 (full 0):
 PSYoungGen      total 102400K, used 32K [0x00000000ec200000, 0x0000000100000000, 0x0000000100000000)
  eden space 101888K, 0% used [0x00000000ec200000,0x00000000ec200000,0x00000000f2580000)
  from space 512K, 6% used [0x00000000fff00000,0x00000000fff08000,0x00000000fff80000)
  to   space 512K, 0% used [0x00000000fff80000,0x00000000fff80000,0x0000000100000000)
 ParOldGen       total 40960K, used 6182K [0x00000000c4600000, 0x00000000c6e00000, 0x00000000ec200000)
  object space 40960K, 15% used [0x00000000c4600000,0x00000000c4c09a90,0x00000000c6e00000)
 Metaspace       used 13561K, capacity 13854K, committed 13952K, reserved 1060864K
  class space    used 1523K, capacity 1651K, committed 1664K, reserved 1048576K
}
Event: 9899,162 GC heap before
{Heap before GC invocations=81500 (full 0):
 PSYoungGen      total 102400K, used 101920K [0x00000000ec200000, 0x0000000100000000, 0x0000000100000000)
  eden space 101888K, 100% used [0x00000000ec200000,0x00000000f2580000,0x00000000f2580000)
  from space 512K, 6% used [0x00000000fff00000,0x00000000fff08000,0x00000000fff80000)
  to   space 512K, 0% used [0x00000000fff80000,0x00000000fff80000,0x0000000100000000)
 ParOldGen       total 40960K, used 6182K [0x00000000c4600000, 0x00000000c6e00000, 0x00000000ec200000)
  object space 40960K, 15% used [0x00000000c4600000,0x00000000c4c09a90,0x00000000c6e00000)
 Metaspace       used 13561K, capacity 13854K, committed 13952K, reserved 1060864K
  class space    used 1523K, capacity 1651K, committed 1664K, reserved 1048576K
Event: 9899,375 GC heap after
Heap after GC invocations=81500 (full 0):
 PSYoungGen      total 98304K, used 32K [0x00000000ec200000, 0x0000000100000000, 0x0000000100000000)
  eden space 97792K, 0% used [0x00000000ec200000,0x00000000ec200000,0x00000000f2180000)
  from space 512K, 6% used [0x00000000fff80000,0x00000000fff88000,0x0000000100000000)
  to   space 512K, 0% used [0x00000000fff00000,0x00000000fff00000,0x00000000fff80000)
 ParOldGen       total 40960K, used 6182K [0x00000000c4600000, 0x00000000c6e00000, 0x00000000ec200000)
  object space 40960K, 15% used [0x00000000c4600000,0x00000000c4c09a90,0x00000000c6e00000)
 Metaspace       used 13561K, capacity 13854K, committed 13952K, reserved 1060864K
  class space    used 1523K, capacity 1651K, committed 1664K, reserved 1048576K
}

